Started GET "/" for ::1 at 2021-10-30 18:14:13 +0200

ActiveRecord::ConnectionNotEstablished - could not connect to server: No such file or directory
	Is the server running locally and accepting
	connections on Unix domain socket "/var/run/postgresql/.s.PGSQL.5432"?:

Started POST "/__better_errors/f381cd5502f9f9c0/variables" for ::1 at 2021-10-30 18:14:14 +0200
Started GET "/" for ::1 at 2021-10-30 18:16:28 +0200

ActiveRecord::NoDatabaseError - FATAL:  database "dribbble_development" does not exist:

Started POST "/__better_errors/816fe85644bf5a7b/variables" for ::1 at 2021-10-30 18:16:29 +0200
  [1m[35m (2133.2ms)[0m  [1m[35mCREATE DATABASE "dribbble_development" ENCODING = 'unicode'[0m
  [1m[35m (1930.0ms)[0m  [1m[35mCREATE DATABASE "dribbble_test" ENCODING = 'unicode'[0m
Started GET "/" for ::1 at 2021-10-30 18:18:07 +0200
Processing by Rails::WelcomeController#index as HTML
  Rendering /home/elarabyelaidy/.rvm/gems/ruby-3.0.0/gems/railties-6.1.4.1/lib/rails/templates/rails/welcome/index.html.erb
  Rendered /home/elarabyelaidy/.rvm/gems/ruby-3.0.0/gems/railties-6.1.4.1/lib/rails/templates/rails/welcome/index.html.erb (Duration: 68.7ms | Allocations: 459)
Completed 200 OK in 351ms (Views: 167.4ms | ActiveRecord: 0.0ms | Allocations: 4236)


Started GET "/" for ::1 at 2021-10-30 18:31:09 +0200
Processing by HomeController#index as HTML
  Rendering layout layouts/application.html.erb
  Rendering home/index.html.erb within layouts/application
  Rendered home/index.html.erb within layouts/application (Duration: 3.6ms | Allocations: 77)
[Webpacker] Compiling...
Started GET "/" for ::1 at 2021-10-30 18:31:45 +0200
[Webpacker] Compilation failed:

  Rendered layout layouts/application.html.erb (Duration: 47978.3ms | Allocations: 98966)
Completed 500 Internal Server Error in 48002ms (Allocations: 100302)



Webpacker::Manifest::MissingEntryError - Webpacker can't find application.js in /mnt/f/github/dribbble/public/packs/manifest.json. Possible causes:
1. You want to set webpacker.yml value of compile to true for your environment
   unless you are using the `webpack -w` or the webpack-dev-server.
2. webpack has not yet re-run to reflect updates.
3. You have misconfigured Webpacker's config/webpacker.yml file.
4. Your webpack configuration is not creating a manifest.
Your manifest contains:
{
}:
  app/views/layouts/application.html.erb:10

Processing by HomeController#index as HTML
  Rendering layout layouts/application.html.erb
  Rendering home/index.html.erb within layouts/application
  Rendered home/index.html.erb within layouts/application (Duration: 0.2ms | Allocations: 6)
[Webpacker] Compiling...
[Webpacker] Compilation failed:

  Rendered layout layouts/application.html.erb (Duration: 3158.1ms | Allocations: 8952)
Completed 500 Internal Server Error in 3162ms (Allocations: 9516)



Webpacker::Manifest::MissingEntryError - Webpacker can't find application.js in /mnt/f/github/dribbble/public/packs/manifest.json. Possible causes:
1. You want to set webpacker.yml value of compile to true for your environment
   unless you are using the `webpack -w` or the webpack-dev-server.
2. webpack has not yet re-run to reflect updates.
3. You have misconfigured Webpacker's config/webpacker.yml file.
4. Your webpack configuration is not creating a manifest.
Your manifest contains:
{
}:
  app/views/layouts/application.html.erb:10

Started GET "/" for ::1 at 2021-10-30 18:32:28 +0200
Processing by HomeController#index as HTML
  Rendering layout layouts/application.html.erb
  Rendering home/index.html.erb within layouts/application
  Rendered home/index.html.erb within layouts/application (Duration: 15.8ms | Allocations: 237)
[Webpacker] Compiling...
[Webpacker] Compiled all packs in /mnt/f/github/dribbble/public/packs
[Webpacker] Hash: e2a8a876c5815bee1e21
Version: webpack 4.46.0
Time: 28459ms
Built at: 10/30/2021 6:33:15 PM
                                     Asset       Size       Chunks                         Chunk Names
    js/application-e421b4aa3f716bebdab1.js    125 KiB  application  [emitted] [immutable]  application
js/application-e421b4aa3f716bebdab1.js.map    139 KiB  application  [emitted] [dev]        application
                             manifest.json  364 bytes               [emitted]              
Entrypoint application = js/application-e421b4aa3f716bebdab1.js js/application-e421b4aa3f716bebdab1.js.map
[./app/javascript/channels sync recursive _channel\.js$] ./app/javascript/channels sync _channel\.js$ 160 bytes {application} [built]
[./app/javascript/channels/index.js] 211 bytes {application} [built]
[./app/javascript/packs/application.js] 492 bytes {application} [built]
[./node_modules/webpack/buildin/module.js] (webpack)/buildin/module.js 552 bytes {application} [built]
    + 3 hidden modules

  Rendered layout layouts/application.html.erb (Duration: 46462.6ms | Allocations: 17218)
Completed 200 OK in 46746ms (Views: 46646.6ms | ActiveRecord: 0.0ms | Allocations: 20425)


Started GET "/" for ::1 at 2021-10-30 18:33:20 +0200
Processing by HomeController#index as HTML
  Rendering layout layouts/application.html.erb
  Rendering home/index.html.erb within layouts/application
  Rendered home/index.html.erb within layouts/application (Duration: 0.2ms | Allocations: 6)
[Webpacker] Everything's up-to-date. Nothing to do
  Rendered layout layouts/application.html.erb (Duration: 217.5ms | Allocations: 7176)
Completed 200 OK in 222ms (Views: 220.6ms | ActiveRecord: 0.0ms | Allocations: 7857)


  [1m[35m (218.5ms)[0m  [1m[35mCREATE TABLE "schema_migrations" ("version" character varying NOT NULL PRIMARY KEY)[0m
  [1m[35m (307.9ms)[0m  [1m[35mCREATE TABLE "ar_internal_metadata" ("key" character varying NOT NULL PRIMARY KEY, "value" character varying, "created_at" timestamp(6) NOT NULL, "updated_at" timestamp(6) NOT NULL)[0m
  [1m[35m (0.7ms)[0m  [1m[34mSELECT pg_try_advisory_lock(7657400728614422310)[0m
  [1m[35m (1.3ms)[0m  [1m[34mSELECT "schema_migrations"."version" FROM "schema_migrations" ORDER BY "schema_migrations"."version" ASC[0m
Migrating to DeviseCreateUsers (20211030163544)
  [1m[36mTRANSACTION (0.5ms)[0m  [1m[35mBEGIN[0m
  [1m[35m (221.7ms)[0m  [1m[35mCREATE TABLE "users" ("id" bigserial primary key, "email" character varying DEFAULT '' NOT NULL, "encrypted_password" character varying DEFAULT '' NOT NULL, "reset_password_token" character varying, "reset_password_sent_at" timestamp, "remember_created_at" timestamp, "created_at" timestamp(6) NOT NULL, "updated_at" timestamp(6) NOT NULL)[0m
  [1m[35m (65.0ms)[0m  [1m[35mCREATE UNIQUE INDEX "index_users_on_email" ON "users" ("email")[0m
  [1m[35m (70.5ms)[0m  [1m[35mCREATE UNIQUE INDEX "index_users_on_reset_password_token" ON "users" ("reset_password_token")[0m
  [1m[36mActiveRecord::SchemaMigration Create (1.3ms)[0m  [1m[32mINSERT INTO "schema_migrations" ("version") VALUES ($1) RETURNING "version"[0m  [["version", "20211030163544"]]
  [1m[36mTRANSACTION (61.5ms)[0m  [1m[35mCOMMIT[0m
  [1m[36mActiveRecord::InternalMetadata Load (1.1ms)[0m  [1m[34mSELECT "ar_internal_metadata".* FROM "ar_internal_metadata" WHERE "ar_internal_metadata"."key" = $1 LIMIT $2[0m  [["key", "environment"], ["LIMIT", 1]]
  [1m[36mTRANSACTION (0.4ms)[0m  [1m[35mBEGIN[0m
  [1m[36mActiveRecord::InternalMetadata Create (0.7ms)[0m  [1m[32mINSERT INTO "ar_internal_metadata" ("key", "value", "created_at", "updated_at") VALUES ($1, $2, $3, $4) RETURNING "key"[0m  [["key", "environment"], ["value", "development"], ["created_at", "2021-10-30 16:37:05.543113"], ["updated_at", "2021-10-30 16:37:05.543113"]]
  [1m[36mTRANSACTION (89.5ms)[0m  [1m[35mCOMMIT[0m
  [1m[35m (0.9ms)[0m  [1m[34mSELECT pg_advisory_unlock(7657400728614422310)[0m
  [1m[35m (0.9ms)[0m  [1m[34mSELECT "schema_migrations"."version" FROM "schema_migrations" ORDER BY "schema_migrations"."version" ASC[0m
  [1m[35m (0.3ms)[0m  [1m[34mSELECT pg_try_advisory_lock(7657400728614422310)[0m
  [1m[35m (1.0ms)[0m  [1m[34mSELECT "schema_migrations"."version" FROM "schema_migrations" ORDER BY "schema_migrations"."version" ASC[0m
Migrating to AddFieldToUser (20211030164750)
  [1m[36mTRANSACTION (0.4ms)[0m  [1m[35mBEGIN[0m
  [1m[35m (1.2ms)[0m  [1m[35mALTER TABLE "users" ADD "name" character varying[0m
  [1m[36mActiveRecord::SchemaMigration Create (0.8ms)[0m  [1m[32mINSERT INTO "schema_migrations" ("version") VALUES ($1) RETURNING "version"[0m  [["version", "20211030164750"]]
  [1m[36mTRANSACTION (35.7ms)[0m  [1m[35mCOMMIT[0m
  [1m[36mActiveRecord::InternalMetadata Load (0.4ms)[0m  [1m[34mSELECT "ar_internal_metadata".* FROM "ar_internal_metadata" WHERE "ar_internal_metadata"."key" = $1 LIMIT $2[0m  [["key", "environment"], ["LIMIT", 1]]
  [1m[35m (0.6ms)[0m  [1m[34mSELECT pg_advisory_unlock(7657400728614422310)[0m
  [1m[35m (1.4ms)[0m  [1m[34mSELECT "schema_migrations"."version" FROM "schema_migrations" ORDER BY "schema_migrations"."version" ASC[0m
  [1m[35m (0.5ms)[0m  [1m[34mSELECT pg_try_advisory_lock(7657400728614422310)[0m
  [1m[35m (0.8ms)[0m  [1m[34mSELECT "schema_migrations"."version" FROM "schema_migrations" ORDER BY "schema_migrations"."version" ASC[0m
Migrating to CreateShots (20211030170546)
  [1m[36mTRANSACTION (0.5ms)[0m  [1m[35mBEGIN[0m
  [1m[35m (185.5ms)[0m  [1m[35mCREATE TABLE "shots" ("id" bigserial primary key, "title" character varying, "description" text, "user_id" integer, "created_at" timestamp(6) NOT NULL, "updated_at" timestamp(6) NOT NULL)[0m
  [1m[36mActiveRecord::SchemaMigration Create (1.0ms)[0m  [1m[32mINSERT INTO "schema_migrations" ("version") VALUES ($1) RETURNING "version"[0m  [["version", "20211030170546"]]
  [1m[36mTRANSACTION (29.7ms)[0m  [1m[35mCOMMIT[0m
  [1m[36mActiveRecord::InternalMetadata Load (0.9ms)[0m  [1m[34mSELECT "ar_internal_metadata".* FROM "ar_internal_metadata" WHERE "ar_internal_metadata"."key" = $1 LIMIT $2[0m  [["key", "environment"], ["LIMIT", 1]]
  [1m[35m (0.9ms)[0m  [1m[34mSELECT pg_advisory_unlock(7657400728614422310)[0m
  [1m[35m (0.9ms)[0m  [1m[34mSELECT "schema_migrations"."version" FROM "schema_migrations" ORDER BY "schema_migrations"."version" ASC[0m
Started GET "/" for ::1 at 2021-10-30 19:08:49 +0200
  [1m[35m (1.6ms)[0m  [1m[34mSELECT "schema_migrations"."version" FROM "schema_migrations" ORDER BY "schema_migrations"."version" ASC[0m
Processing by ShotsController#index as HTML
  Rendering layout layouts/application.html.erb
  Rendering shots/index.html.erb within layouts/application
  [1m[36mShot Load (2.7ms)[0m  [1m[34mSELECT "shots".* FROM "shots"[0m
  ↳ app/views/shots/index.html.erb:16
  Rendered shots/index.html.erb within layouts/application (Duration: 13.7ms | Allocations: 1222)
[Webpacker] Everything's up-to-date. Nothing to do
  Rendered layout layouts/application.html.erb (Duration: 9380.8ms | Allocations: 85235)
Completed 200 OK in 9460ms (Views: 9395.6ms | ActiveRecord: 2.7ms | Allocations: 86948)


Started GET "/shots/new" for ::1 at 2021-10-30 19:09:06 +0200
Processing by ShotsController#new as HTML
  Rendering layout layouts/application.html.erb
  Rendering shots/new.html.erb within layouts/application
  Rendered shots/_form.html.erb (Duration: 1967.1ms | Allocations: 25568)
  Rendered shots/new.html.erb within layouts/application (Duration: 1979.9ms | Allocations: 25937)
[Webpacker] Everything's up-to-date. Nothing to do
  Rendered layout layouts/application.html.erb (Duration: 2175.4ms | Allocations: 33055)
Completed 200 OK in 2200ms (Views: 2177.0ms | ActiveRecord: 6.0ms | Allocations: 37216)


Started GET "/shots/new" for ::1 at 2021-10-30 19:17:42 +0200
Processing by ShotsController#new as HTML
  Rendering layout layouts/application.html.erb
  Rendering shots/new.html.erb within layouts/application
  Rendered shots/_form.html.erb (Duration: 38.1ms | Allocations: 6559)
  Rendered shots/new.html.erb within layouts/application (Duration: 54.1ms | Allocations: 6915)
[Webpacker] Everything's up-to-date. Nothing to do
  Rendered layout layouts/application.html.erb (Duration: 309.6ms | Allocations: 14924)
Completed 200 OK in 384ms (Views: 327.5ms | ActiveRecord: 14.8ms | Allocations: 22162)


Started GET "/shots/new" for ::1 at 2021-10-30 19:28:31 +0200
Processing by ShotsController#new as HTML
  Rendering layout layouts/application.html.erb
  Rendering shots/new.html.erb within layouts/application
  Rendered shots/_form.html.erb (Duration: 20.2ms | Allocations: 6337)
  Rendered shots/new.html.erb within layouts/application (Duration: 39.4ms | Allocations: 6690)
[Webpacker] Everything's up-to-date. Nothing to do
  Rendered layout layouts/application.html.erb (Duration: 7647.8ms | Allocations: 88976)
Completed 200 OK in 7679ms (Views: 7666.0ms | Allocations: 90309)


Started GET "/" for ::1 at 2021-10-30 19:28:45 +0200
Processing by ShotsController#index as HTML
  Rendering layout layouts/application.html.erb
  Rendering shots/index.html.erb within layouts/application
  [1m[36mShot Load (1.4ms)[0m  [1m[34mSELECT "shots".* FROM "shots"[0m
  ↳ app/views/shots/index.html.erb:15
  Rendered shots/index.html.erb within layouts/application (Duration: 59.6ms | Allocations: 4481)
[Webpacker] Everything's up-to-date. Nothing to do
  Rendered layout layouts/application.html.erb (Duration: 265.2ms | Allocations: 11875)
Completed 200 OK in 280ms (Views: 266.7ms | ActiveRecord: 18.1ms | Allocations: 12539)


Started GET "/shots/new" for ::1 at 2021-10-30 19:28:48 +0200
Processing by ShotsController#new as HTML
  Rendering layout layouts/application.html.erb
  Rendering shots/new.html.erb within layouts/application
  Rendered shots/_form.html.erb (Duration: 11.4ms | Allocations: 6121)
  Rendered shots/new.html.erb within layouts/application (Duration: 12.5ms | Allocations: 6231)
[Webpacker] Everything's up-to-date. Nothing to do
  Rendered layout layouts/application.html.erb (Duration: 229.4ms | Allocations: 13508)
Completed 200 OK in 233ms (Views: 230.9ms | ActiveRecord: 0.0ms | Allocations: 13994)


Started GET "/users/sign_in" for ::1 at 2021-10-30 19:28:51 +0200
Processing by Devise::SessionsController#new as HTML
  Rendering layout layouts/application.html.erb
  Rendering devise/sessions/new.html.erb within layouts/application
  Rendered devise/sessions/new.html.erb within layouts/application (Duration: 105.2ms | Allocations: 4635)
  Rendered layout layouts/application.html.erb (Duration: 110.8ms | Allocations: 4738)
Completed 500 Internal Server Error in 302ms (ActiveRecord: 14.3ms | Allocations: 11805)



NoMethodError - undefined method `session_path' for #<ActionView::Base:0x0000000000d778>
Did you mean?  session:
  app/views/devise/sessions/new.html.erb:6

Started POST "/__better_errors/cbb6ea8eb600575f/variables" for ::1 at 2021-10-30 19:28:52 +0200
Started GET "/users/sign_in" for ::1 at 2021-10-30 19:34:59 +0200
Processing by Devise::SessionsController#new as HTML
  Rendering layout layouts/application.html.erb
  Rendering devise/sessions/new.html.erb within layouts/application
  Rendered devise/sessions/new.html.erb within layouts/application (Duration: 60.7ms | Allocations: 4314)
  Rendered layout layouts/application.html.erb (Duration: 65.2ms | Allocations: 4417)
Completed 500 Internal Server Error in 123ms (Allocations: 6256)



NoMethodError - undefined method `session_path' for #<ActionView::Base:0x0000000000d890>
Did you mean?  session:
  app/views/devise/sessions/new.html.erb:6

Started POST "/__better_errors/44cc23400c4b31c5/variables" for ::1 at 2021-10-30 19:35:00 +0200
Started GET "/shots/new" for ::1 at 2021-10-30 19:46:42 +0200
Processing by ShotsController#new as HTML
  Rendering layout layouts/application.html.erb
  Rendering shots/new.html.erb within layouts/application
  Rendered shots/_form.html.erb (Duration: 21.7ms | Allocations: 6337)
  Rendered shots/new.html.erb within layouts/application (Duration: 44.4ms | Allocations: 6690)
[Webpacker] Everything's up-to-date. Nothing to do
  Rendered layout layouts/application.html.erb (Duration: 347.2ms | Allocations: 14485)
Completed 200 OK in 382ms (Views: 367.9ms | Allocations: 15827)


Started GET "/users/sign_in" for ::1 at 2021-10-30 19:46:47 +0200
Processing by Devise::SessionsController#new as HTML
  Rendering layout layouts/application.html.erb
  Rendering devise/sessions/new.html.erb within layouts/application
  Rendered devise/sessions/new.html.erb within layouts/application (Duration: 17.6ms | Allocations: 4286)
  Rendered layout layouts/application.html.erb (Duration: 19.5ms | Allocations: 4389)
Completed 500 Internal Server Error in 71ms (ActiveRecord: 11.3ms | Allocations: 12975)



NoMethodError - undefined method `session_path' for #<ActionView::Base:0x0000000000f1b8>
Did you mean?  session:
  app/views/devise/sessions/new.html.erb:6

Started POST "/__better_errors/6ac4ca3d69afedeb/variables" for ::1 at 2021-10-30 19:46:47 +0200
Started GET "/users/sign_in" for ::1 at 2021-10-30 19:47:36 +0200
Processing by Devise::SessionsController#new as HTML
  Rendering layout layouts/application.html.erb
  Rendering devise/sessions/new.html.erb within layouts/application
  Rendered devise/sessions/new.html.erb within layouts/application (Duration: 13.1ms | Allocations: 4083)
  Rendered layout layouts/application.html.erb (Duration: 15.1ms | Allocations: 4185)
Completed 500 Internal Server Error in 20ms (ActiveRecord: 0.0ms | Allocations: 4828)



NoMethodError - undefined method `session_path' for #<ActionView::Base:0x0000000000f280>
Did you mean?  session:
  app/views/devise/sessions/new.html.erb:6

Started POST "/__better_errors/ea961bb2079a6a98/variables" for ::1 at 2021-10-30 19:47:37 +0200
  [1m[35m (1.1ms)[0m  [1m[34mSELECT pg_try_advisory_lock(7657400728614422310)[0m
  [1m[35m (1.7ms)[0m  [1m[34mSELECT "schema_migrations"."version" FROM "schema_migrations" ORDER BY "schema_migrations"."version" ASC[0m
  [1m[36mActiveRecord::InternalMetadata Load (0.5ms)[0m  [1m[34mSELECT "ar_internal_metadata".* FROM "ar_internal_metadata" WHERE "ar_internal_metadata"."key" = $1 LIMIT $2[0m  [["key", "environment"], ["LIMIT", 1]]
  [1m[35m (1.4ms)[0m  [1m[34mSELECT pg_advisory_unlock(7657400728614422310)[0m
  [1m[35m (0.8ms)[0m  [1m[34mSELECT "schema_migrations"."version" FROM "schema_migrations" ORDER BY "schema_migrations"."version" ASC[0m
Started GET "/users/sign_in" for ::1 at 2021-10-30 19:48:08 +0200
Processing by Devise::SessionsController#new as HTML
  Rendering layout layouts/application.html.erb
  Rendering devise/sessions/new.html.erb within layouts/application
  Rendered devise/sessions/new.html.erb within layouts/application (Duration: 14.0ms | Allocations: 4053)
  Rendered layout layouts/application.html.erb (Duration: 15.8ms | Allocations: 4156)
Completed 500 Internal Server Error in 43ms (ActiveRecord: 9.7ms | Allocations: 9855)



NoMethodError - undefined method `session_path' for #<ActionView::Base:0x00000000010a40>
Did you mean?  session:
  app/views/devise/sessions/new.html.erb:6

Started POST "/__better_errors/200f27203ed602b4/variables" for ::1 at 2021-10-30 19:48:09 +0200
Started GET "/users/sign_in" for ::1 at 2021-10-30 19:50:19 +0200
Processing by Devise::SessionsController#new as HTML
  Rendering layout layouts/application.html.erb
  Rendering devise/sessions/new.html.erb within layouts/application
  Rendered devise/sessions/new.html.erb within layouts/application (Duration: 17.6ms | Allocations: 4053)
  Rendered layout layouts/application.html.erb (Duration: 19.1ms | Allocations: 4156)
Completed 500 Internal Server Error in 52ms (ActiveRecord: 11.4ms | Allocations: 9677)



NoMethodError - undefined method `session_path' for #<ActionView::Base:0x000000000122a0>
Did you mean?  session:
  app/views/devise/sessions/new.html.erb:6

Started POST "/__better_errors/eda93807b8cc53ca/variables" for ::1 at 2021-10-30 19:50:20 +0200
Started GET "/users/sign_in" for ::1 at 2021-10-30 19:51:27 +0200
  [1m[35m (1.3ms)[0m  [1m[34mSELECT "schema_migrations"."version" FROM "schema_migrations" ORDER BY "schema_migrations"."version" ASC[0m
Processing by Devise::SessionsController#new as HTML
  Rendering layout layouts/application.html.erb
  Rendering devise/sessions/new.html.erb within layouts/application
  Rendered devise/shared/_links.html.erb (Duration: 64.0ms | Allocations: 602)
  Rendered devise/sessions/new.html.erb within layouts/application (Duration: 581.0ms | Allocations: 18932)
[Webpacker] Everything's up-to-date. Nothing to do
  Rendered layout layouts/application.html.erb (Duration: 3362.8ms | Allocations: 41301)
Completed 200 OK in 3491ms (Views: 3422.6ms | ActiveRecord: 11.2ms | Allocations: 50366)


Started GET "/" for ::1 at 2021-10-30 19:51:36 +0200
Processing by ShotsController#index as HTML
  Rendering layout layouts/application.html.erb
  Rendering shots/index.html.erb within layouts/application
  [1m[36mShot Load (2.6ms)[0m  [1m[34mSELECT "shots".* FROM "shots"[0m
  ↳ app/views/shots/index.html.erb:15
  Rendered shots/index.html.erb within layouts/application (Duration: 14.1ms | Allocations: 1315)
[Webpacker] Everything's up-to-date. Nothing to do
  Rendered layout layouts/application.html.erb (Duration: 210.7ms | Allocations: 8718)
Completed 200 OK in 281ms (Views: 216.1ms | ActiveRecord: 2.6ms | Allocations: 10426)


Started GET "/" for ::1 at 2021-10-30 19:51:38 +0200
Processing by ShotsController#index as HTML
  Rendering layout layouts/application.html.erb
  Rendering shots/index.html.erb within layouts/application
  [1m[36mShot Load (1.4ms)[0m  [1m[34mSELECT "shots".* FROM "shots"[0m
  ↳ app/views/shots/index.html.erb:15
  Rendered shots/index.html.erb within layouts/application (Duration: 6.9ms | Allocations: 885)
[Webpacker] Everything's up-to-date. Nothing to do
  Rendered layout layouts/application.html.erb (Duration: 182.7ms | Allocations: 8206)
Completed 200 OK in 187ms (Views: 183.5ms | ActiveRecord: 1.4ms | Allocations: 8696)


Started GET "/users/sign_in" for ::1 at 2021-10-30 19:51:40 +0200
Processing by Devise::SessionsController#new as HTML
  Rendering layout layouts/application.html.erb
  Rendering devise/sessions/new.html.erb within layouts/application
  Rendered devise/shared/_links.html.erb (Duration: 0.4ms | Allocations: 119)
  Rendered devise/sessions/new.html.erb within layouts/application (Duration: 18.4ms | Allocations: 8479)
[Webpacker] Everything's up-to-date. Nothing to do
  Rendered layout layouts/application.html.erb (Duration: 265.7ms | Allocations: 15680)
Completed 200 OK in 271ms (Views: 268.6ms | ActiveRecord: 0.0ms | Allocations: 16379)


Started GET "/users/sign_up" for ::1 at 2021-10-30 19:51:42 +0200

ActionController::RoutingError - uninitialized constant RegistrationsController:

Started POST "/__better_errors/ac73898d4017286f/variables" for ::1 at 2021-10-30 19:51:42 +0200
Started GET "/users/sign_up" for ::1 at 2021-10-30 19:52:34 +0200

ActionController::RoutingError - uninitialized constant RegistrationsController:

Started POST "/__better_errors/7135c7537a2e09be/variables" for ::1 at 2021-10-30 19:52:34 +0200
Started GET "/" for ::1 at 2021-10-30 19:52:42 +0200
Processing by ShotsController#index as HTML
  Rendering layout layouts/application.html.erb
  Rendering shots/index.html.erb within layouts/application
  [1m[36mShot Load (1.2ms)[0m  [1m[34mSELECT "shots".* FROM "shots"[0m
  ↳ app/views/shots/index.html.erb:15
  Rendered shots/index.html.erb within layouts/application (Duration: 6.5ms | Allocations: 885)
[Webpacker] Everything's up-to-date. Nothing to do
  Rendered layout layouts/application.html.erb (Duration: 253.7ms | Allocations: 8335)
Completed 200 OK in 258ms (Views: 254.4ms | ActiveRecord: 1.2ms | Allocations: 8822)


Started GET "/users/sign_up" for ::1 at 2021-10-30 19:52:45 +0200

ActionController::RoutingError - uninitialized constant RegistrationsController:

Started POST "/__better_errors/f55be3baa6fd85e5/variables" for ::1 at 2021-10-30 19:52:45 +0200
Started GET "/users/sign_up" for ::1 at 2021-10-30 19:54:08 +0200

ActionController::RoutingError - uninitialized constant RegistrationsController:

Started POST "/__better_errors/f6eac0892f362d76/variables" for ::1 at 2021-10-30 19:54:09 +0200
Started GET "/users" for ::1 at 2021-10-30 19:54:14 +0200
  
ActionController::RoutingError (No route matches [GET] "/users"):
  
Started GET "/" for ::1 at 2021-10-30 19:54:19 +0200
Processing by ShotsController#index as HTML
  Rendering layout layouts/application.html.erb
  Rendering shots/index.html.erb within layouts/application
  [1m[36mShot Load (1.3ms)[0m  [1m[34mSELECT "shots".* FROM "shots"[0m
  ↳ app/views/shots/index.html.erb:15
  Rendered shots/index.html.erb within layouts/application (Duration: 6.8ms | Allocations: 877)
[Webpacker] Everything's up-to-date. Nothing to do
  Rendered layout layouts/application.html.erb (Duration: 232.9ms | Allocations: 8319)
Completed 200 OK in 237ms (Views: 234.1ms | ActiveRecord: 1.3ms | Allocations: 8799)


Started GET "/" for ::1 at 2021-10-30 19:54:20 +0200
Processing by ShotsController#index as HTML
  Rendering layout layouts/application.html.erb
  Rendering shots/index.html.erb within layouts/application
  [1m[36mShot Load (1.1ms)[0m  [1m[34mSELECT "shots".* FROM "shots"[0m
  ↳ app/views/shots/index.html.erb:15
  Rendered shots/index.html.erb within layouts/application (Duration: 8.6ms | Allocations: 878)
[Webpacker] Everything's up-to-date. Nothing to do
  Rendered layout layouts/application.html.erb (Duration: 209.1ms | Allocations: 8197)
Completed 200 OK in 212ms (Views: 209.6ms | ActiveRecord: 1.1ms | Allocations: 8674)


Started GET "/users/sign_in" for ::1 at 2021-10-30 19:54:22 +0200
Processing by Devise::SessionsController#new as HTML
  Rendering layout layouts/application.html.erb
  Rendering devise/sessions/new.html.erb within layouts/application
  Rendered devise/shared/_links.html.erb (Duration: 0.7ms | Allocations: 119)
  Rendered devise/sessions/new.html.erb within layouts/application (Duration: 35.2ms | Allocations: 8499)
[Webpacker] Everything's up-to-date. Nothing to do
  Rendered layout layouts/application.html.erb (Duration: 272.8ms | Allocations: 15821)
Completed 200 OK in 277ms (Views: 274.6ms | ActiveRecord: 0.0ms | Allocations: 16509)


Started GET "/users/sign_up" for ::1 at 2021-10-30 19:54:24 +0200

ActionController::RoutingError - uninitialized constant RegistrationsController:

Started POST "/__better_errors/6b0986f767bc0454/variables" for ::1 at 2021-10-30 19:54:25 +0200
Started GET "/users/sign_up" for ::1 at 2021-10-30 19:54:44 +0200
  [1m[35m (1.6ms)[0m  [1m[34mSELECT "schema_migrations"."version" FROM "schema_migrations" ORDER BY "schema_migrations"."version" ASC[0m

ActionController::RoutingError - uninitialized constant RegistrationsController
Did you mean?  RegestrationsController:

Started POST "/__better_errors/e4f86c585710146e/variables" for ::1 at 2021-10-30 19:54:45 +0200
Started GET "/" for ::1 at 2021-10-30 19:57:10 +0200
Processing by ShotsController#index as HTML
  Rendering layout layouts/application.html.erb
  Rendering shots/index.html.erb within layouts/application
  [1m[36mShot Load (1.7ms)[0m  [1m[34mSELECT "shots".* FROM "shots"[0m
  ↳ app/views/shots/index.html.erb:15
  Rendered shots/index.html.erb within layouts/application (Duration: 19.2ms | Allocations: 1560)
[Webpacker] Everything's up-to-date. Nothing to do
  Rendered layout layouts/application.html.erb (Duration: 1845.9ms | Allocations: 18008)
Completed 200 OK in 1951ms (Views: 1871.1ms | ActiveRecord: 1.7ms | Allocations: 21842)


Started GET "/users/sign_up" for ::1 at 2021-10-30 19:57:16 +0200

ActionController::RoutingError - uninitialized constant RegistrationsController
Did you mean?  RegestrationsController:

Started POST "/__better_errors/748c6280e63df47d/variables" for ::1 at 2021-10-30 19:57:17 +0200
Started GET "/" for ::1 at 2021-10-30 19:57:47 +0200
  [1m[35m (1.3ms)[0m  [1m[34mSELECT "schema_migrations"."version" FROM "schema_migrations" ORDER BY "schema_migrations"."version" ASC[0m
Processing by ShotsController#index as HTML
  Rendering layout layouts/application.html.erb
  Rendering shots/index.html.erb within layouts/application
  [1m[36mShot Load (2.8ms)[0m  [1m[34mSELECT "shots".* FROM "shots"[0m
  ↳ app/views/shots/index.html.erb:15
  Rendered shots/index.html.erb within layouts/application (Duration: 22.9ms | Allocations: 1388)
[Webpacker] Everything's up-to-date. Nothing to do
  Rendered layout layouts/application.html.erb (Duration: 2037.7ms | Allocations: 17901)
Completed 200 OK in 2173ms (Views: 2073.2ms | ActiveRecord: 2.8ms | Allocations: 21736)


Started GET "/users/sign_up" for ::1 at 2021-10-30 19:57:52 +0200
Processing by Devise::RegistrationsController#new as HTML
  Rendering layout layouts/application.html.erb
  Rendering devise/registrations/new.html.erb within layouts/application
  Rendered devise/shared/_links.html.erb (Duration: 6.4ms | Allocations: 514)
  Rendered devise/registrations/new.html.erb within layouts/application (Duration: 379.5ms | Allocations: 18989)
[Webpacker] Everything's up-to-date. Nothing to do
  Rendered layout layouts/application.html.erb (Duration: 631.8ms | Allocations: 26273)
Completed 200 OK in 682ms (Views: 659.2ms | ActiveRecord: 8.8ms | Allocations: 32979)


Started GET "/users/sign_in" for ::1 at 2021-10-30 19:58:18 +0200
Processing by Devise::SessionsController#new as HTML
  Rendering layout layouts/application.html.erb
  Rendering devise/sessions/new.html.erb within layouts/application
  Rendered devise/shared/_links.html.erb (Duration: 0.7ms | Allocations: 201)
  Rendered devise/sessions/new.html.erb within layouts/application (Duration: 51.9ms | Allocations: 9312)
[Webpacker] Everything's up-to-date. Nothing to do
  Rendered layout layouts/application.html.erb (Duration: 244.7ms | Allocations: 16605)
Completed 200 OK in 308ms (Views: 266.0ms | ActiveRecord: 11.6ms | Allocations: 22830)


Started GET "/users/password/new" for ::1 at 2021-10-30 19:58:21 +0200
Processing by Devise::PasswordsController#new as HTML
  Rendering layout layouts/application.html.erb
  Rendering devise/passwords/new.html.erb within layouts/application
  Rendered devise/shared/_links.html.erb (Duration: 0.4ms | Allocations: 136)
  Rendered devise/passwords/new.html.erb within layouts/application (Duration: 40.8ms | Allocations: 3601)
[Webpacker] Everything's up-to-date. Nothing to do
  Rendered layout layouts/application.html.erb (Duration: 259.8ms | Allocations: 11000)
Completed 200 OK in 284ms (Views: 265.5ms | ActiveRecord: 0.0ms | Allocations: 12334)


Started GET "/users/sign_up" for ::1 at 2021-10-30 19:58:23 +0200
Processing by Devise::RegistrationsController#new as HTML
  Rendering layout layouts/application.html.erb
  Rendering devise/registrations/new.html.erb within layouts/application
  Rendered devise/shared/_links.html.erb (Duration: 0.3ms | Allocations: 87)
  Rendered devise/registrations/new.html.erb within layouts/application (Duration: 27.3ms | Allocations: 9257)
[Webpacker] Everything's up-to-date. Nothing to do
  Rendered layout layouts/application.html.erb (Duration: 226.7ms | Allocations: 16661)
Completed 200 OK in 233ms (Views: 230.2ms | ActiveRecord: 0.0ms | Allocations: 17560)


Started POST "/users" for ::1 at 2021-10-30 19:58:26 +0200
Processing by Devise::RegistrationsController#create as HTML
  Parameters: {"authenticity_token"=>"[FILTERED]", "user"=>{"name"=>"", "email"=>"", "password"=>"[FILTERED]", "password_confirmation"=>"[FILTERED]"}, "commit"=>"Sign up"}
[31mUnpermitted parameter: :name[0m
  Rendering layout layouts/application.html.erb
  Rendering devise/registrations/new.html.erb within layouts/application
  Rendered devise/shared/_links.html.erb (Duration: 0.3ms | Allocations: 72)
  Rendered devise/registrations/new.html.erb within layouts/application (Duration: 30.0ms | Allocations: 10758)
[Webpacker] Everything's up-to-date. Nothing to do
  Rendered layout layouts/application.html.erb (Duration: 227.9ms | Allocations: 17964)
Completed 200 OK in 259ms (Views: 229.5ms | ActiveRecord: 0.0ms | Allocations: 21807)


Started GET "/users/sign_in" for ::1 at 2021-10-30 19:58:29 +0200
Processing by Devise::SessionsController#new as HTML
  Rendering layout layouts/application.html.erb
  Rendering devise/sessions/new.html.erb within layouts/application
  Rendered devise/shared/_links.html.erb (Duration: 0.3ms | Allocations: 119)
  Rendered devise/sessions/new.html.erb within layouts/application (Duration: 33.1ms | Allocations: 8480)
[Webpacker] Everything's up-to-date. Nothing to do
  Rendered layout layouts/application.html.erb (Duration: 287.4ms | Allocations: 15683)
Completed 200 OK in 292ms (Views: 289.9ms | ActiveRecord: 0.0ms | Allocations: 16368)


Started GET "/users/password/new" for ::1 at 2021-10-30 19:58:31 +0200
Processing by Devise::PasswordsController#new as HTML
  Rendering layout layouts/application.html.erb
  Rendering devise/passwords/new.html.erb within layouts/application
  Rendered devise/shared/_links.html.erb (Duration: 0.3ms | Allocations: 117)
  Rendered devise/passwords/new.html.erb within layouts/application (Duration: 8.3ms | Allocations: 3320)
[Webpacker] Everything's up-to-date. Nothing to do
  Rendered layout layouts/application.html.erb (Duration: 217.8ms | Allocations: 10508)
Completed 200 OK in 223ms (Views: 220.9ms | ActiveRecord: 0.0ms | Allocations: 11092)


Started POST "/users/password" for ::1 at 2021-10-30 19:58:33 +0200
Processing by Devise::PasswordsController#create as HTML
  Parameters: {"authenticity_token"=>"[FILTERED]", "user"=>{"email"=>""}, "commit"=>"Send me reset password instructions"}
  Rendering layout layouts/application.html.erb
  Rendering devise/passwords/new.html.erb within layouts/application
  Rendered devise/shared/_links.html.erb (Duration: 0.4ms | Allocations: 117)
  Rendered devise/passwords/new.html.erb within layouts/application (Duration: 10.7ms | Allocations: 4060)
[Webpacker] Everything's up-to-date. Nothing to do
  Rendered layout layouts/application.html.erb (Duration: 245.9ms | Allocations: 11270)
Completed 200 OK in 296ms (Views: 247.9ms | ActiveRecord: 0.0ms | Allocations: 13131)


Started GET "/users/password" for ::1 at 2021-10-30 20:01:05 +0200
  
ActionController::RoutingError (No route matches [GET] "/users/password"):
  
Started GET "/users" for ::1 at 2021-10-30 20:01:12 +0200
  
ActionController::RoutingError (No route matches [GET] "/users"):
  
Started GET "/" for ::1 at 2021-10-30 20:01:15 +0200
Processing by ShotsController#index as HTML
  Rendering layout layouts/application.html.erb
  Rendering shots/index.html.erb within layouts/application
  [1m[36mShot Load (1.6ms)[0m  [1m[34mSELECT "shots".* FROM "shots"[0m
  ↳ app/views/shots/index.html.erb:15
  Rendered shots/index.html.erb within layouts/application (Duration: 7.1ms | Allocations: 956)
Started GET "/" for ::1 at 2021-10-30 20:01:19 +0200
Processing by ShotsController#index as HTML
  Rendering layout layouts/application.html.erb
  Rendering shots/index.html.erb within layouts/application
  [1m[36mShot Load (3.7ms)[0m  [1m[34mSELECT "shots".* FROM "shots"[0m
  ↳ app/views/shots/index.html.erb:15
  Rendered shots/index.html.erb within layouts/application (Duration: 48.8ms | Allocations: 5082)
[Webpacker] Everything's up-to-date. Nothing to do
  Rendered layout layouts/application.html.erb (Duration: 11946.9ms | Allocations: 124695)
Completed 200 OK in 11963ms (Views: 11949.3ms | ActiveRecord: 1.6ms | Allocations: 125859)


[Webpacker] Everything's up-to-date. Nothing to do
  Rendered layout layouts/application.html.erb (Duration: 7761.6ms | Allocations: 86853)
Completed 200 OK in 7766ms (Views: 7734.4ms | ActiveRecord: 29.8ms | Allocations: 87333)


Started GET "/users/sign_in" for ::1 at 2021-10-30 20:01:30 +0200
Processing by Devise::SessionsController#new as HTML
  Rendering layout layouts/application.html.erb
  Rendering devise/sessions/new.html.erb within layouts/application
  Rendered devise/shared/_links.html.erb (Duration: 0.4ms | Allocations: 119)
  Rendered devise/sessions/new.html.erb within layouts/application (Duration: 22.1ms | Allocations: 8503)
[Webpacker] Everything's up-to-date. Nothing to do
  Rendered layout layouts/application.html.erb (Duration: 270.5ms | Allocations: 15717)
Completed 200 OK in 276ms (Views: 272.8ms | ActiveRecord: 0.0ms | Allocations: 16405)


Started GET "/users/sign_up" for ::1 at 2021-10-30 20:01:32 +0200
Processing by Devise::RegistrationsController#new as HTML
  Rendering layout layouts/application.html.erb
  Rendering devise/registrations/new.html.erb within layouts/application
  Rendered devise/shared/_links.html.erb (Duration: 0.3ms | Allocations: 72)
  Rendered devise/registrations/new.html.erb within layouts/application (Duration: 20.6ms | Allocations: 9116)
[Webpacker] Everything's up-to-date. Nothing to do
  Rendered layout layouts/application.html.erb (Duration: 219.0ms | Allocations: 16431)
Completed 200 OK in 223ms (Views: 221.2ms | ActiveRecord: 0.0ms | Allocations: 17067)


Started GET "/users/sign_in" for ::1 at 2021-10-30 20:01:37 +0200
Processing by Devise::SessionsController#new as HTML
  Rendering layout layouts/application.html.erb
  Rendering devise/sessions/new.html.erb within layouts/application
  Rendered devise/shared/_links.html.erb (Duration: 0.7ms | Allocations: 119)
  Rendered devise/sessions/new.html.erb within layouts/application (Duration: 27.4ms | Allocations: 8495)
[Webpacker] Everything's up-to-date. Nothing to do
  Rendered layout layouts/application.html.erb (Duration: 260.3ms | Allocations: 15689)
Completed 200 OK in 265ms (Views: 262.3ms | ActiveRecord: 0.0ms | Allocations: 16373)


Started GET "/users/password/new" for ::1 at 2021-10-30 20:01:38 +0200
Processing by Devise::PasswordsController#new as HTML
  Rendering layout layouts/application.html.erb
  Rendering devise/passwords/new.html.erb within layouts/application
  Rendered devise/shared/_links.html.erb (Duration: 0.3ms | Allocations: 117)
  Rendered devise/passwords/new.html.erb within layouts/application (Duration: 8.1ms | Allocations: 3326)
[Webpacker] Everything's up-to-date. Nothing to do
  Rendered layout layouts/application.html.erb (Duration: 252.4ms | Allocations: 10509)
Completed 200 OK in 257ms (Views: 254.3ms | ActiveRecord: 0.0ms | Allocations: 11094)


Started GET "/users/sign_up" for ::1 at 2021-10-30 20:05:36 +0200
Processing by Devise::RegistrationsController#new as HTML
  Rendering layout layouts/application.html.erb
  Rendering devise/registrations/new.html.erb within layouts/application
  Rendered devise/shared/_links.html.erb (Duration: 0.6ms | Allocations: 72)
  Rendered devise/registrations/new.html.erb within layouts/application (Duration: 36.8ms | Allocations: 9102)
[Webpacker] Everything's up-to-date. Nothing to do
  Rendered layout layouts/application.html.erb (Duration: 437.8ms | Allocations: 16297)
Completed 200 OK in 445ms (Views: 441.3ms | ActiveRecord: 0.0ms | Allocations: 16915)


Started POST "/users" for ::1 at 2021-10-30 20:06:03 +0200
Processing by Devise::RegistrationsController#create as HTML
  Parameters: {"authenticity_token"=>"[FILTERED]", "user"=>{"name"=>"Elaraby Elaidy", "email"=>"eeee@gmail.com", "password"=>"[FILTERED]", "password_confirmation"=>"[FILTERED]"}, "commit"=>"Sign up"}
[31mUnpermitted parameter: :name[0m
  [1m[36mTRANSACTION (1.5ms)[0m  [1m[35mBEGIN[0m
  [1m[36mUser Exists? (5.4ms)[0m  [1m[34mSELECT 1 AS one FROM "users" WHERE "users"."email" = $1 LIMIT $2[0m  [["email", "eeee@gmail.com"], ["LIMIT", 1]]
  [1m[36mUser Create (26.7ms)[0m  [1m[32mINSERT INTO "users" ("email", "encrypted_password", "created_at", "updated_at") VALUES ($1, $2, $3, $4) RETURNING "id"[0m  [["email", "eeee@gmail.com"], ["encrypted_password", "$2a$12$ocsImcP14MOdKEC9TZGaLO/zObdR.sqf5dfcDzkWXWKYjrzSR9hEq"], ["created_at", "2021-10-30 18:06:03.808463"], ["updated_at", "2021-10-30 18:06:03.808463"]]
  [1m[36mTRANSACTION (28.5ms)[0m  [1m[35mCOMMIT[0m
Redirected to http://localhost:3000/
Completed 302 Found in 704ms (ActiveRecord: 62.2ms | Allocations: 10054)


Started GET "/" for ::1 at 2021-10-30 20:06:04 +0200
Processing by ShotsController#index as HTML
  Rendering layout layouts/application.html.erb
  Rendering shots/index.html.erb within layouts/application
  [1m[36mShot Load (3.6ms)[0m  [1m[34mSELECT "shots".* FROM "shots"[0m
  ↳ app/views/shots/index.html.erb:15
  Rendered shots/index.html.erb within layouts/application (Duration: 10.8ms | Allocations: 877)
[Webpacker] Everything's up-to-date. Nothing to do
  [1m[36mUser Load (2.7ms)[0m  [1m[34mSELECT "users".* FROM "users" WHERE "users"."id" = $1 ORDER BY "users"."id" ASC LIMIT $2[0m  [["id", 1], ["LIMIT", 1]]
  ↳ app/views/layouts/application.html.erb:53
  Rendered layout layouts/application.html.erb (Duration: 268.4ms | Allocations: 9506)
Completed 200 OK in 272ms (Views: 262.6ms | ActiveRecord: 7.8ms | Allocations: 9995)


Started GET "/" for ::1 at 2021-10-30 20:11:35 +0200
  [1m[35m (2.5ms)[0m  [1m[34mSELECT "schema_migrations"."version" FROM "schema_migrations" ORDER BY "schema_migrations"."version" ASC[0m
Processing by ShotsController#index as HTML
  Rendering layout layouts/application.html.erb
  Rendering shots/index.html.erb within layouts/application
  [1m[36mShot Load (2.1ms)[0m  [1m[34mSELECT "shots".* FROM "shots"[0m
  ↳ app/views/shots/index.html.erb:15
  Rendered shots/index.html.erb within layouts/application (Duration: 19.5ms | Allocations: 1388)
[Webpacker] Everything's up-to-date. Nothing to do
  [1m[36mUser Load (1.4ms)[0m  [1m[34mSELECT "users".* FROM "users" WHERE "users"."id" = $1 ORDER BY "users"."id" ASC LIMIT $2[0m  [["id", 1], ["LIMIT", 1]]
  ↳ app/views/layouts/application.html.erb:53
  Rendered layout layouts/application.html.erb (Duration: 2811.0ms | Allocations: 30495)
Completed 200 OK in 2919ms (Views: 2835.8ms | ActiveRecord: 11.6ms | Allocations: 34333)


Started GET "/" for ::1 at 2021-10-30 20:11:39 +0200
Processing by ShotsController#index as HTML
  Rendering layout layouts/application.html.erb
  Rendering shots/index.html.erb within layouts/application
  [1m[36mShot Load (2.5ms)[0m  [1m[34mSELECT "shots".* FROM "shots"[0m
  ↳ app/views/shots/index.html.erb:15
  Rendered shots/index.html.erb within layouts/application (Duration: 7.5ms | Allocations: 886)
[Webpacker] Everything's up-to-date. Nothing to do
  [1m[36mUser Load (1.5ms)[0m  [1m[34mSELECT "users".* FROM "users" WHERE "users"."id" = $1 ORDER BY "users"."id" ASC LIMIT $2[0m  [["id", 1], ["LIMIT", 1]]
  ↳ app/views/layouts/application.html.erb:53
  Rendered layout layouts/application.html.erb (Duration: 211.2ms | Allocations: 9067)
Completed 200 OK in 215ms (Views: 209.1ms | ActiveRecord: 4.0ms | Allocations: 9559)


Started DELETE "/users/sign_out" for ::1 at 2021-10-30 20:11:43 +0200
Processing by Devise::SessionsController#destroy as HTML
  Parameters: {"authenticity_token"=>"[FILTERED]"}
  [1m[36mUser Load (1.1ms)[0m  [1m[34mSELECT "users".* FROM "users" WHERE "users"."id" = $1 ORDER BY "users"."id" ASC LIMIT $2[0m  [["id", 1], ["LIMIT", 1]]
Redirected to http://localhost:3000/
Completed 302 Found in 146ms (ActiveRecord: 1.1ms | Allocations: 4717)


Started GET "/" for ::1 at 2021-10-30 20:11:43 +0200
Processing by ShotsController#index as HTML
  Rendering layout layouts/application.html.erb
  Rendering shots/index.html.erb within layouts/application
  [1m[36mShot Load (2.1ms)[0m  [1m[34mSELECT "shots".* FROM "shots"[0m
  ↳ app/views/shots/index.html.erb:15
  Rendered shots/index.html.erb within layouts/application (Duration: 9.2ms | Allocations: 879)
[Webpacker] Everything's up-to-date. Nothing to do
  Rendered layout layouts/application.html.erb (Duration: 284.0ms | Allocations: 8283)
Completed 200 OK in 292ms (Views: 288.7ms | ActiveRecord: 2.1ms | Allocations: 8766)


Started GET "/users/sign_up" for ::1 at 2021-10-30 20:11:46 +0200
Processing by Devise::RegistrationsController#new as HTML
  Rendering layout layouts/application.html.erb
  Rendering devise/registrations/new.html.erb within layouts/application
  Rendered devise/shared/_links.html.erb (Duration: 5.2ms | Allocations: 514)
  Rendered devise/registrations/new.html.erb within layouts/application (Duration: 296.7ms | Allocations: 17401)
[Webpacker] Everything's up-to-date. Nothing to do
  Rendered layout layouts/application.html.erb (Duration: 567.8ms | Allocations: 24692)
Completed 200 OK in 587ms (Views: 585.1ms | ActiveRecord: 0.0ms | Allocations: 26470)


Started POST "/users" for ::1 at 2021-10-30 20:12:00 +0200
Processing by Devise::RegistrationsController#create as HTML
  Parameters: {"authenticity_token"=>"[FILTERED]", "user"=>{"name"=>"sayed", "email"=>"elarabymahmoud2043@gmail.com", "password"=>"[FILTERED]", "password_confirmation"=>"[FILTERED]"}, "commit"=>"Sign up"}
[31mUnpermitted parameter: :name[0m
  [1m[36mTRANSACTION (1.1ms)[0m  [1m[35mBEGIN[0m
  [1m[36mUser Exists? (1.6ms)[0m  [1m[34mSELECT 1 AS one FROM "users" WHERE "users"."email" = $1 LIMIT $2[0m  [["email", "elarabymahmoud2043@gmail.com"], ["LIMIT", 1]]
  [1m[36mTRANSACTION (1.2ms)[0m  [1m[31mROLLBACK[0m
  Rendering layout layouts/application.html.erb
  Rendering devise/registrations/new.html.erb within layouts/application
  Rendered devise/shared/_links.html.erb (Duration: 0.3ms | Allocations: 72)
  Rendered devise/registrations/new.html.erb within layouts/application (Duration: 38.7ms | Allocations: 10008)
[Webpacker] Everything's up-to-date. Nothing to do
  Rendered layout layouts/application.html.erb (Duration: 235.5ms | Allocations: 17336)
Completed 200 OK in 646ms (Views: 237.4ms | ActiveRecord: 3.8ms | Allocations: 25077)


Started POST "/users" for ::1 at 2021-10-30 20:12:19 +0200
Processing by Devise::RegistrationsController#create as HTML
  Parameters: {"authenticity_token"=>"[FILTERED]", "user"=>{"name"=>"sayed", "email"=>"elarabymahmoud2043@gmail.com", "password"=>"[FILTERED]", "password_confirmation"=>"[FILTERED]"}, "commit"=>"Sign up"}
[31mUnpermitted parameter: :name[0m
  [1m[36mTRANSACTION (1.5ms)[0m  [1m[35mBEGIN[0m
  [1m[36mUser Exists? (2.3ms)[0m  [1m[34mSELECT 1 AS one FROM "users" WHERE "users"."email" = $1 LIMIT $2[0m  [["email", "elarabymahmoud2043@gmail.com"], ["LIMIT", 1]]
  [1m[36mUser Create (2.4ms)[0m  [1m[32mINSERT INTO "users" ("email", "encrypted_password", "created_at", "updated_at") VALUES ($1, $2, $3, $4) RETURNING "id"[0m  [["email", "elarabymahmoud2043@gmail.com"], ["encrypted_password", "$2a$12$8gWlrByuutqacOnljwBkguDBoISvHuFCNJJATX3nSO/iDdupv5b.W"], ["created_at", "2021-10-30 18:12:20.332226"], ["updated_at", "2021-10-30 18:12:20.332226"]]
  [1m[36mTRANSACTION (28.4ms)[0m  [1m[35mCOMMIT[0m
Redirected to http://localhost:3000/
Completed 302 Found in 398ms (ActiveRecord: 34.7ms | Allocations: 6283)


Started GET "/" for ::1 at 2021-10-30 20:12:20 +0200
Processing by ShotsController#index as HTML
  Rendering layout layouts/application.html.erb
  Rendering shots/index.html.erb within layouts/application
  [1m[36mShot Load (1.6ms)[0m  [1m[34mSELECT "shots".* FROM "shots"[0m
  ↳ app/views/shots/index.html.erb:15
  Rendered shots/index.html.erb within layouts/application (Duration: 5.9ms | Allocations: 877)
[Webpacker] Everything's up-to-date. Nothing to do
  [1m[36mUser Load (3.3ms)[0m  [1m[34mSELECT "users".* FROM "users" WHERE "users"."id" = $1 ORDER BY "users"."id" ASC LIMIT $2[0m  [["id", 2], ["LIMIT", 1]]
  ↳ app/views/layouts/application.html.erb:53
  Rendered layout layouts/application.html.erb (Duration: 234.5ms | Allocations: 9184)
Completed 200 OK in 238ms (Views: 231.6ms | ActiveRecord: 4.9ms | Allocations: 9675)


Started GET "/" for ::1 at 2021-10-30 20:13:34 +0200
Processing by ShotsController#index as HTML
  Rendering layout layouts/application.html.erb
  Rendering shots/index.html.erb within layouts/application
  [1m[36mShot Load (1.4ms)[0m  [1m[34mSELECT "shots".* FROM "shots"[0m
  ↳ app/views/shots/index.html.erb:15
  Rendered shots/index.html.erb within layouts/application (Duration: 8.7ms | Allocations: 878)
[Webpacker] Everything's up-to-date. Nothing to do
  [1m[36mUser Load (2.5ms)[0m  [1m[34mSELECT "users".* FROM "users" WHERE "users"."id" = $1 ORDER BY "users"."id" ASC LIMIT $2[0m  [["id", 2], ["LIMIT", 1]]
  ↳ app/views/layouts/application.html.erb:53
  Rendered layout layouts/application.html.erb (Duration: 255.8ms | Allocations: 9057)
Completed 200 OK in 264ms (Views: 257.1ms | ActiveRecord: 3.9ms | Allocations: 9538)


Started DELETE "/users/sign_out" for ::1 at 2021-10-30 20:13:36 +0200
Processing by Devise::SessionsController#destroy as HTML
  Parameters: {"authenticity_token"=>"[FILTERED]"}
  [1m[36mUser Load (2.3ms)[0m  [1m[34mSELECT "users".* FROM "users" WHERE "users"."id" = $1 ORDER BY "users"."id" ASC LIMIT $2[0m  [["id", 2], ["LIMIT", 1]]
Redirected to http://localhost:3000/
Completed 302 Found in 13ms (ActiveRecord: 2.3ms | Allocations: 1986)


Started GET "/" for ::1 at 2021-10-30 20:13:37 +0200
Processing by ShotsController#index as HTML
  Rendering layout layouts/application.html.erb
  Rendering shots/index.html.erb within layouts/application
  [1m[36mShot Load (1.4ms)[0m  [1m[34mSELECT "shots".* FROM "shots"[0m
  ↳ app/views/shots/index.html.erb:15
  Rendered shots/index.html.erb within layouts/application (Duration: 6.6ms | Allocations: 879)
[Webpacker] Everything's up-to-date. Nothing to do
  Rendered layout layouts/application.html.erb (Duration: 180.4ms | Allocations: 8204)
Completed 200 OK in 184ms (Views: 180.7ms | ActiveRecord: 1.4ms | Allocations: 8687)


Started GET "/users/sign_up" for ::1 at 2021-10-30 20:13:39 +0200
Processing by Devise::RegistrationsController#new as HTML
  Rendering layout layouts/application.html.erb
  Rendering devise/registrations/new.html.erb within layouts/application
  Rendered devise/shared/_links.html.erb (Duration: 0.2ms | Allocations: 72)
  Rendered devise/registrations/new.html.erb within layouts/application (Duration: 19.2ms | Allocations: 9107)
[Webpacker] Everything's up-to-date. Nothing to do
  Rendered layout layouts/application.html.erb (Duration: 206.7ms | Allocations: 16301)
Completed 200 OK in 210ms (Views: 208.3ms | ActiveRecord: 0.0ms | Allocations: 16918)


Started POST "/users" for ::1 at 2021-10-30 20:13:54 +0200
Processing by Devise::RegistrationsController#create as HTML
  Parameters: {"authenticity_token"=>"[FILTERED]", "user"=>{"name"=>"Elaraby Elaidy", "email"=>"elarabyelaidy@gmail.com", "password"=>"[FILTERED]", "password_confirmation"=>"[FILTERED]"}, "commit"=>"Sign up"}
[31mUnpermitted parameter: :name[0m
  [1m[36mTRANSACTION (1.0ms)[0m  [1m[35mBEGIN[0m
  [1m[36mUser Exists? (1.7ms)[0m  [1m[34mSELECT 1 AS one FROM "users" WHERE "users"."email" = $1 LIMIT $2[0m  [["email", "elarabyelaidy@gmail.com"], ["LIMIT", 1]]
  [1m[36mUser Create (1.9ms)[0m  [1m[32mINSERT INTO "users" ("email", "encrypted_password", "created_at", "updated_at") VALUES ($1, $2, $3, $4) RETURNING "id"[0m  [["email", "elarabyelaidy@gmail.com"], ["encrypted_password", "$2a$12$LTO/ibDisGEY3lRZR23Ebus68S6jpD2Aeei1CiKCNmnMb2/F.Oy6y"], ["created_at", "2021-10-30 18:13:54.511495"], ["updated_at", "2021-10-30 18:13:54.511495"]]
  [1m[36mTRANSACTION (26.3ms)[0m  [1m[35mCOMMIT[0m
Redirected to http://localhost:3000/
Completed 302 Found in 367ms (ActiveRecord: 30.8ms | Allocations: 6056)


Started GET "/" for ::1 at 2021-10-30 20:13:54 +0200
Processing by ShotsController#index as HTML
  Rendering layout layouts/application.html.erb
  Rendering shots/index.html.erb within layouts/application
  [1m[36mShot Load (1.1ms)[0m  [1m[34mSELECT "shots".* FROM "shots"[0m
  ↳ app/views/shots/index.html.erb:15
  Rendered shots/index.html.erb within layouts/application (Duration: 5.1ms | Allocations: 877)
[Webpacker] Everything's up-to-date. Nothing to do
  [1m[36mUser Load (1.2ms)[0m  [1m[34mSELECT "users".* FROM "users" WHERE "users"."id" = $1 ORDER BY "users"."id" ASC LIMIT $2[0m  [["id", 3], ["LIMIT", 1]]
  ↳ app/views/layouts/application.html.erb:53
  Rendered layout layouts/application.html.erb (Duration: 233.8ms | Allocations: 9060)
Completed 200 OK in 238ms (Views: 233.6ms | ActiveRecord: 2.3ms | Allocations: 9549)


Started GET "/" for ::1 at 2021-10-30 20:14:19 +0200
  [1m[35m (2.6ms)[0m  [1m[34mSELECT "schema_migrations"."version" FROM "schema_migrations" ORDER BY "schema_migrations"."version" ASC[0m
Processing by ShotsController#index as HTML
  Rendering layout layouts/application.html.erb
  Rendering shots/index.html.erb within layouts/application
  [1m[36mShot Load (1.5ms)[0m  [1m[34mSELECT "shots".* FROM "shots"[0m
  ↳ app/views/shots/index.html.erb:15
  Rendered shots/index.html.erb within layouts/application (Duration: 15.1ms | Allocations: 1388)
[Webpacker] Everything's up-to-date. Nothing to do
  [1m[36mUser Load (1.3ms)[0m  [1m[34mSELECT "users".* FROM "users" WHERE "users"."id" = $1 ORDER BY "users"."id" ASC LIMIT $2[0m  [["id", 3], ["LIMIT", 1]]
  ↳ app/views/layouts/application.html.erb:53
  Rendered layout layouts/application.html.erb (Duration: 1989.2ms | Allocations: 24577)
Completed 200 OK in 2116ms (Views: 2012.3ms | ActiveRecord: 11.5ms | Allocations: 28415)


Started DELETE "/users/sign_out" for ::1 at 2021-10-30 20:14:24 +0200
Processing by Devise::SessionsController#destroy as HTML
  Parameters: {"authenticity_token"=>"[FILTERED]"}
  [1m[36mUser Load (1.5ms)[0m  [1m[34mSELECT "users".* FROM "users" WHERE "users"."id" = $1 ORDER BY "users"."id" ASC LIMIT $2[0m  [["id", 3], ["LIMIT", 1]]
Redirected to http://localhost:3000/
Completed 302 Found in 94ms (ActiveRecord: 1.5ms | Allocations: 4585)


Started GET "/" for ::1 at 2021-10-30 20:14:24 +0200
Processing by ShotsController#index as HTML
  Rendering layout layouts/application.html.erb
  Rendering shots/index.html.erb within layouts/application
  [1m[36mShot Load (1.3ms)[0m  [1m[34mSELECT "shots".* FROM "shots"[0m
  ↳ app/views/shots/index.html.erb:15
  Rendered shots/index.html.erb within layouts/application (Duration: 9.2ms | Allocations: 879)
[Webpacker] Everything's up-to-date. Nothing to do
  Rendered layout layouts/application.html.erb (Duration: 203.6ms | Allocations: 8285)
Completed 200 OK in 208ms (Views: 204.7ms | ActiveRecord: 1.3ms | Allocations: 8770)


Started GET "/users/sign_up" for ::1 at 2021-10-30 20:14:27 +0200
Processing by Devise::RegistrationsController#new as HTML
  Rendering layout layouts/application.html.erb
  Rendering devise/registrations/new.html.erb within layouts/application
  Rendered devise/shared/_links.html.erb (Duration: 4.8ms | Allocations: 514)
  Rendered devise/registrations/new.html.erb within layouts/application (Duration: 354.1ms | Allocations: 17415)
[Webpacker] Everything's up-to-date. Nothing to do
  Rendered layout layouts/application.html.erb (Duration: 636.1ms | Allocations: 24692)
Completed 200 OK in 671ms (Views: 667.7ms | ActiveRecord: 0.0ms | Allocations: 26458)


Started POST "/users" for ::1 at 2021-10-30 20:14:44 +0200
Processing by Devise::RegistrationsController#create as HTML
  Parameters: {"authenticity_token"=>"[FILTERED]", "user"=>{"name"=>"Elaraby Elaidy", "email"=>"elarabyelaidy@gmail.com", "password"=>"[FILTERED]", "password_confirmation"=>"[FILTERED]"}, "commit"=>"Sign up"}
[31mUnpermitted parameter: :name[0m
  [1m[36mTRANSACTION (1.6ms)[0m  [1m[35mBEGIN[0m
  [1m[36mUser Exists? (2.2ms)[0m  [1m[34mSELECT 1 AS one FROM "users" WHERE "users"."email" = $1 LIMIT $2[0m  [["email", "elarabyelaidy@gmail.com"], ["LIMIT", 1]]
  [1m[36mTRANSACTION (1.7ms)[0m  [1m[31mROLLBACK[0m
  Rendering layout layouts/application.html.erb
  Rendering devise/registrations/new.html.erb within layouts/application
  Rendered devise/shared/_links.html.erb (Duration: 0.3ms | Allocations: 91)
  Rendered devise/registrations/new.html.erb within layouts/application (Duration: 27.1ms | Allocations: 10253)
[Webpacker] Everything's up-to-date. Nothing to do
  Rendered layout layouts/application.html.erb (Duration: 216.6ms | Allocations: 17673)
Completed 200 OK in 649ms (Views: 218.7ms | ActiveRecord: 14.2ms | Allocations: 30195)


  [1m[36mUser Load (0.7ms)[0m  [1m[34mSELECT "users".* FROM "users" /* loading for inspect */ LIMIT $1[0m  [["LIMIT", 11]]
  [1m[36mUser Load (0.8ms)[0m  [1m[34mSELECT "users".* FROM "users"[0m
  [1m[36mTRANSACTION (0.3ms)[0m  [1m[35mBEGIN[0m
  [1m[36mUser Destroy (1.2ms)[0m  [1m[31mDELETE FROM "users" WHERE "users"."id" = $1[0m  [["id", 1]]
  [1m[36mTRANSACTION (20.9ms)[0m  [1m[35mCOMMIT[0m
  [1m[36mTRANSACTION (0.4ms)[0m  [1m[35mBEGIN[0m
  [1m[36mUser Destroy (1.4ms)[0m  [1m[31mDELETE FROM "users" WHERE "users"."id" = $1[0m  [["id", 2]]
  [1m[36mTRANSACTION (22.0ms)[0m  [1m[35mCOMMIT[0m
  [1m[36mTRANSACTION (0.4ms)[0m  [1m[35mBEGIN[0m
  [1m[36mUser Destroy (0.8ms)[0m  [1m[31mDELETE FROM "users" WHERE "users"."id" = $1[0m  [["id", 3]]
  [1m[36mTRANSACTION (23.9ms)[0m  [1m[35mCOMMIT[0m
Started GET "/users" for ::1 at 2021-10-30 20:16:21 +0200
  
ActionController::RoutingError (No route matches [GET] "/users"):
  
Started GET "/" for ::1 at 2021-10-30 20:16:26 +0200
Processing by ShotsController#index as HTML
  Rendering layout layouts/application.html.erb
  Rendering shots/index.html.erb within layouts/application
  [1m[36mShot Load (1.6ms)[0m  [1m[34mSELECT "shots".* FROM "shots"[0m
  ↳ app/views/shots/index.html.erb:15
  Rendered shots/index.html.erb within layouts/application (Duration: 7.5ms | Allocations: 949)
[Webpacker] Everything's up-to-date. Nothing to do
  Rendered layout layouts/application.html.erb (Duration: 193.5ms | Allocations: 8470)
Completed 200 OK in 216ms (Views: 194.8ms | ActiveRecord: 1.6ms | Allocations: 9635)


Started GET "/users/sign_up" for ::1 at 2021-10-30 20:16:29 +0200
Processing by Devise::RegistrationsController#new as HTML
  Rendering layout layouts/application.html.erb
  Rendering devise/registrations/new.html.erb within layouts/application
  Rendered devise/shared/_links.html.erb (Duration: 0.3ms | Allocations: 72)
  Rendered devise/registrations/new.html.erb within layouts/application (Duration: 38.0ms | Allocations: 9134)
[Webpacker] Everything's up-to-date. Nothing to do
  Rendered layout layouts/application.html.erb (Duration: 251.7ms | Allocations: 16328)
Completed 200 OK in 256ms (Views: 253.8ms | ActiveRecord: 0.0ms | Allocations: 16948)


Started POST "/users" for ::1 at 2021-10-30 20:16:41 +0200
Processing by Devise::RegistrationsController#create as HTML
  Parameters: {"authenticity_token"=>"[FILTERED]", "user"=>{"name"=>"Elaraby Elaidy", "email"=>"elarabyelaidy@gmail.com", "password"=>"[FILTERED]", "password_confirmation"=>"[FILTERED]"}, "commit"=>"Sign up"}
[31mUnpermitted parameter: :name[0m
  [1m[36mTRANSACTION (2.3ms)[0m  [1m[35mBEGIN[0m
  [1m[36mUser Exists? (3.1ms)[0m  [1m[34mSELECT 1 AS one FROM "users" WHERE "users"."email" = $1 LIMIT $2[0m  [["email", "elarabyelaidy@gmail.com"], ["LIMIT", 1]]
  [1m[36mUser Create (2.0ms)[0m  [1m[32mINSERT INTO "users" ("email", "encrypted_password", "created_at", "updated_at") VALUES ($1, $2, $3, $4) RETURNING "id"[0m  [["email", "elarabyelaidy@gmail.com"], ["encrypted_password", "$2a$12$WNxfxsE2uGLxCwB7XOCaIOfRYo9W9E6nbTLI89oFuWQ9R03TxnKfO"], ["created_at", "2021-10-30 18:16:41.875002"], ["updated_at", "2021-10-30 18:16:41.875002"]]
  [1m[36mTRANSACTION (25.6ms)[0m  [1m[35mCOMMIT[0m
Redirected to http://localhost:3000/
Completed 302 Found in 414ms (ActiveRecord: 33.0ms | Allocations: 6345)


Started GET "/" for ::1 at 2021-10-30 20:16:42 +0200
Processing by ShotsController#index as HTML
  Rendering layout layouts/application.html.erb
  Rendering shots/index.html.erb within layouts/application
  [1m[36mShot Load (1.1ms)[0m  [1m[34mSELECT "shots".* FROM "shots"[0m
  ↳ app/views/shots/index.html.erb:15
  Rendered shots/index.html.erb within layouts/application (Duration: 5.2ms | Allocations: 877)
[Webpacker] Everything's up-to-date. Nothing to do
  [1m[36mUser Load (1.5ms)[0m  [1m[34mSELECT "users".* FROM "users" WHERE "users"."id" = $1 ORDER BY "users"."id" ASC LIMIT $2[0m  [["id", 4], ["LIMIT", 1]]
  ↳ app/views/layouts/application.html.erb:53
  Rendered layout layouts/application.html.erb (Duration: 201.2ms | Allocations: 9248)
Completed 200 OK in 205ms (Views: 200.5ms | ActiveRecord: 2.6ms | Allocations: 9738)


  [1m[36mUser Load (1.2ms)[0m  [1m[34mSELECT "users".* FROM "users"[0m
  [1m[36mTRANSACTION (0.4ms)[0m  [1m[35mBEGIN[0m
  [1m[36mUser Destroy (0.8ms)[0m  [1m[31mDELETE FROM "users" WHERE "users"."id" = $1[0m  [["id", 4]]
  [1m[36mTRANSACTION (27.1ms)[0m  [1m[35mCOMMIT[0m
Started GET "/" for ::1 at 2021-10-30 20:17:38 +0200
  [1m[35m (1.4ms)[0m  [1m[34mSELECT "schema_migrations"."version" FROM "schema_migrations" ORDER BY "schema_migrations"."version" ASC[0m
Processing by ShotsController#index as HTML
  Rendering layout layouts/application.html.erb
  Rendering shots/index.html.erb within layouts/application
  [1m[36mShot Load (1.4ms)[0m  [1m[34mSELECT "shots".* FROM "shots"[0m
  ↳ app/views/shots/index.html.erb:15
  Rendered shots/index.html.erb within layouts/application (Duration: 16.1ms | Allocations: 1388)
[Webpacker] Everything's up-to-date. Nothing to do
  [1m[36mUser Load (1.3ms)[0m  [1m[34mSELECT "users".* FROM "users" WHERE "users"."id" = $1 ORDER BY "users"."id" ASC LIMIT $2[0m  [["id", 4], ["LIMIT", 1]]
  ↳ app/views/layouts/application.html.erb:53
  Rendered layout layouts/application.html.erb (Duration: 1753.6ms | Allocations: 20974)
Completed 200 OK in 1852ms (Views: 1773.1ms | ActiveRecord: 10.7ms | Allocations: 24811)


Started GET "/users/sign_up" for ::1 at 2021-10-30 20:17:44 +0200
Processing by Devise::RegistrationsController#new as HTML
  Rendering layout layouts/application.html.erb
  Rendering devise/registrations/new.html.erb within layouts/application
  Rendered devise/shared/_links.html.erb (Duration: 12.8ms | Allocations: 515)
  Rendered devise/registrations/new.html.erb within layouts/application (Duration: 438.8ms | Allocations: 18991)
[Webpacker] Everything's up-to-date. Nothing to do
  Rendered layout layouts/application.html.erb (Duration: 664.7ms | Allocations: 26395)
Completed 200 OK in 696ms (Views: 683.5ms | ActiveRecord: 0.0ms | Allocations: 31939)


Started POST "/users" for ::1 at 2021-10-30 20:17:57 +0200
Processing by Devise::RegistrationsController#create as HTML
  Parameters: {"authenticity_token"=>"[FILTERED]", "user"=>{"name"=>"Elaraby Elaidy", "email"=>"elarabyelaidy@gmail.com", "password"=>"[FILTERED]", "password_confirmation"=>"[FILTERED]"}, "commit"=>"Sign up"}
[31mUnpermitted parameter: :name[0m
  [1m[36mTRANSACTION (1.2ms)[0m  [1m[35mBEGIN[0m
  [1m[36mUser Exists? (3.6ms)[0m  [1m[34mSELECT 1 AS one FROM "users" WHERE "users"."email" = $1 LIMIT $2[0m  [["email", "elarabyelaidy@gmail.com"], ["LIMIT", 1]]
  [1m[36mUser Create (1.5ms)[0m  [1m[32mINSERT INTO "users" ("email", "encrypted_password", "created_at", "updated_at") VALUES ($1, $2, $3, $4) RETURNING "id"[0m  [["email", "elarabyelaidy@gmail.com"], ["encrypted_password", "$2a$12$x9qb44NVBko.RxZC7nVIaOlMKddwa8OeFpwyVxbUX8X2q6ki0zG1i"], ["created_at", "2021-10-30 18:17:57.922724"], ["updated_at", "2021-10-30 18:17:57.922724"]]
  [1m[36mTRANSACTION (24.7ms)[0m  [1m[35mCOMMIT[0m
Redirected to http://localhost:3000/
Completed 302 Found in 494ms (ActiveRecord: 31.0ms | Allocations: 11012)


Started GET "/" for ::1 at 2021-10-30 20:17:58 +0200
Processing by ShotsController#index as HTML
  Rendering layout layouts/application.html.erb
  Rendering shots/index.html.erb within layouts/application
  [1m[36mShot Load (1.2ms)[0m  [1m[34mSELECT "shots".* FROM "shots"[0m
  ↳ app/views/shots/index.html.erb:15
  Rendered shots/index.html.erb within layouts/application (Duration: 6.1ms | Allocations: 877)
[Webpacker] Everything's up-to-date. Nothing to do
  [1m[36mUser Load (2.2ms)[0m  [1m[34mSELECT "users".* FROM "users" WHERE "users"."id" = $1 ORDER BY "users"."id" ASC LIMIT $2[0m  [["id", 5], ["LIMIT", 1]]
  ↳ app/views/layouts/application.html.erb:53
  Rendered layout layouts/application.html.erb (Duration: 199.5ms | Allocations: 9114)
Completed 200 OK in 203ms (Views: 198.0ms | ActiveRecord: 3.4ms | Allocations: 9605)


  [1m[36mUser Load (0.9ms)[0m  [1m[34mSELECT "users".* FROM "users"[0m
  [1m[36mTRANSACTION (0.4ms)[0m  [1m[35mBEGIN[0m
  [1m[36mUser Destroy (0.8ms)[0m  [1m[31mDELETE FROM "users" WHERE "users"."id" = $1[0m  [["id", 5]]
  [1m[36mTRANSACTION (22.3ms)[0m  [1m[35mCOMMIT[0m
Started GET "/" for ::1 at 2021-10-30 20:18:38 +0200
  [1m[35m (1.4ms)[0m  [1m[34mSELECT "schema_migrations"."version" FROM "schema_migrations" ORDER BY "schema_migrations"."version" ASC[0m
Processing by ShotsController#index as HTML
  Rendering layout layouts/application.html.erb
  Rendering shots/index.html.erb within layouts/application
  [1m[36mShot Load (2.8ms)[0m  [1m[34mSELECT "shots".* FROM "shots"[0m
  ↳ app/views/shots/index.html.erb:15
  Rendered shots/index.html.erb within layouts/application (Duration: 24.1ms | Allocations: 1388)
[Webpacker] Everything's up-to-date. Nothing to do
  [1m[36mUser Load (1.3ms)[0m  [1m[34mSELECT "users".* FROM "users" WHERE "users"."id" = $1 ORDER BY "users"."id" ASC LIMIT $2[0m  [["id", 5], ["LIMIT", 1]]
  ↳ app/views/layouts/application.html.erb:53
  Rendered layout layouts/application.html.erb (Duration: 1734.6ms | Allocations: 20976)
Completed 200 OK in 1876ms (Views: 1790.1ms | ActiveRecord: 12.3ms | Allocations: 24814)


Started GET "/users/sign_up" for ::1 at 2021-10-30 20:18:43 +0200
Processing by Devise::RegistrationsController#new as HTML
  Rendering layout layouts/application.html.erb
  Rendering devise/registrations/new.html.erb within layouts/application
  Rendered devise/shared/_links.html.erb (Duration: 5.5ms | Allocations: 514)
  Rendered devise/registrations/new.html.erb within layouts/application (Duration: 321.8ms | Allocations: 18987)
[Webpacker] Everything's up-to-date. Nothing to do
  Rendered layout layouts/application.html.erb (Duration: 518.1ms | Allocations: 26266)
Completed 200 OK in 550ms (Views: 539.0ms | ActiveRecord: 0.0ms | Allocations: 31806)


Started POST "/users" for ::1 at 2021-10-30 20:18:56 +0200
Processing by Devise::RegistrationsController#create as HTML
  Parameters: {"authenticity_token"=>"[FILTERED]", "user"=>{"name"=>"Elaraby Elaidy", "email"=>"elarabyelaidy@gmail.com", "password"=>"[FILTERED]", "password_confirmation"=>"[FILTERED]"}, "commit"=>"Sign up"}
[31mUnpermitted parameter: :name[0m
  [1m[36mTRANSACTION (1.2ms)[0m  [1m[35mBEGIN[0m
  [1m[36mUser Exists? (1.7ms)[0m  [1m[34mSELECT 1 AS one FROM "users" WHERE "users"."email" = $1 LIMIT $2[0m  [["email", "elarabyelaidy@gmail.com"], ["LIMIT", 1]]
  [1m[36mUser Create (1.5ms)[0m  [1m[32mINSERT INTO "users" ("email", "encrypted_password", "created_at", "updated_at") VALUES ($1, $2, $3, $4) RETURNING "id"[0m  [["email", "elarabyelaidy@gmail.com"], ["encrypted_password", "$2a$12$.IUH2LMeDJNbzqD0MEAiqu5gyZVg0Rpfp6bROBlCYnVWPSS4xdVRO"], ["created_at", "2021-10-30 18:18:56.602488"], ["updated_at", "2021-10-30 18:18:56.602488"]]
  [1m[36mTRANSACTION (28.1ms)[0m  [1m[35mCOMMIT[0m
Redirected to http://localhost:3000/
Completed 302 Found in 470ms (ActiveRecord: 32.5ms | Allocations: 10994)


Started GET "/" for ::1 at 2021-10-30 20:18:56 +0200
Processing by ShotsController#index as HTML
  Rendering layout layouts/application.html.erb
  Rendering shots/index.html.erb within layouts/application
  [1m[36mShot Load (1.1ms)[0m  [1m[34mSELECT "shots".* FROM "shots"[0m
  ↳ app/views/shots/index.html.erb:15
  Rendered shots/index.html.erb within layouts/application (Duration: 5.7ms | Allocations: 877)
[Webpacker] Everything's up-to-date. Nothing to do
  [1m[36mUser Load (1.4ms)[0m  [1m[34mSELECT "users".* FROM "users" WHERE "users"."id" = $1 ORDER BY "users"."id" ASC LIMIT $2[0m  [["id", 6], ["LIMIT", 1]]
  ↳ app/views/layouts/application.html.erb:53
  Rendered layout layouts/application.html.erb (Duration: 267.0ms | Allocations: 9112)
Completed 200 OK in 271ms (Views: 266.4ms | ActiveRecord: 2.6ms | Allocations: 9603)


  [1m[36mUser Load (1.2ms)[0m  [1m[34mSELECT "users".* FROM "users" ORDER BY "users"."id" DESC LIMIT $1[0m  [["LIMIT", 1]]
Started GET "/" for ::1 at 2021-10-30 20:22:29 +0200
Processing by ShotsController#index as HTML
  Rendering layout layouts/application.html.erb
  Rendering shots/index.html.erb within layouts/application
  [1m[36mShot Load (2.0ms)[0m  [1m[34mSELECT "shots".* FROM "shots"[0m
  ↳ app/views/shots/index.html.erb:15
  Rendered shots/index.html.erb within layouts/application (Duration: 7.5ms | Allocations: 961)
[Webpacker] Everything's up-to-date. Nothing to do
  [1m[36mUser Load (1.8ms)[0m  [1m[34mSELECT "users".* FROM "users" WHERE "users"."id" = $1 ORDER BY "users"."id" ASC LIMIT $2[0m  [["id", 6], ["LIMIT", 1]]
  ↳ app/views/layouts/application.html.erb:53
  Rendered layout layouts/application.html.erb (Duration: 305.7ms | Allocations: 14082)
Completed 200 OK in 324ms (Views: 292.0ms | ActiveRecord: 16.3ms | Allocations: 15269)


